webview/build/intermediates/manifest_merge_blame_file/release/manifest-merger-blame-release-report.txt
1<?xml version="1.0" encoding="utf-8"?>
2<manifest xmlns:android="http://schemas.android.com/apk/res/android"
3    package="net.gree.unitywebview"
4    android:versionCode="1"
5    android:versionName="1.0" >
6
7    <uses-sdk
8        android:minSdkVersion="21"
8-->src\main\AndroidManifest.xml
9        android:targetSdkVersion="30" />
9-->src\main\AndroidManifest.xml
10
11    <queries>
11-->src\main\AndroidManifest.xml:6:5-51:15
12
13        <!-- 신용카드 -->
14        <package android:name="kr.co.samsungcard.mpocket" /> <!-- 삼성 앱카드, 삼성 앱카드 공동인증서 -->
14-->src\main\AndroidManifest.xml:8:9-61
14-->src\main\AndroidManifest.xml:8:18-58
15        <package android:name="com.shcard.smartpay" /> <!-- 신한 페이판 -->
15-->src\main\AndroidManifest.xml:9:9-55
15-->src\main\AndroidManifest.xml:9:18-52
16        <package android:name="com.shinhancard.smartshinhan" /> <!-- 신한(ARS/일반결제/Smart결제), 신한 공동인증서 -->
16-->src\main\AndroidManifest.xml:10:9-64
16-->src\main\AndroidManifest.xml:10:18-61
17        <package android:name="com.kbcard.cxh.appcard" /> <!-- KBPay -->
17-->src\main\AndroidManifest.xml:11:9-58
17-->src\main\AndroidManifest.xml:11:18-55
18        <package android:name="com.kbstar.liivbank" /> <!-- LiiV(국민은행) -->
18-->src\main\AndroidManifest.xml:12:9-55
18-->src\main\AndroidManifest.xml:12:18-52
19        <package android:name="com.kbstar.reboot" /> <!-- new liib -->
19-->src\main\AndroidManifest.xml:13:9-53
19-->src\main\AndroidManifest.xml:13:18-50
20        <package android:name="kvp.jjy.MispAndroid320" /> <!-- 페이북/ISP -->
20-->src\main\AndroidManifest.xml:14:9-58
20-->src\main\AndroidManifest.xml:14:18-55
21        <package android:name="com.hanaskcard.paycla" /> <!-- 하나카드 원큐페이 -->
21-->src\main\AndroidManifest.xml:15:9-57
21-->src\main\AndroidManifest.xml:15:18-54
22        <package android:name="kr.co.hanamembers.hmscustomer" /> <!-- 하나멤버스 -->
22-->src\main\AndroidManifest.xml:16:9-65
22-->src\main\AndroidManifest.xml:16:18-62
23        <package android:name="com.lcacApp" /> <!-- 롯데 앱카드 -->
23-->src\main\AndroidManifest.xml:17:9-47
23-->src\main\AndroidManifest.xml:17:18-44
24        <package android:name="nh.smart.nhallonepay" /> <!-- NH 올원페이, NH 올원페이 공동인증서 -->
24-->src\main\AndroidManifest.xml:18:9-56
24-->src\main\AndroidManifest.xml:18:18-53
25        <package android:name="com.wooricard.smartapp" /> <!-- 우리 WON 카드 -->
25-->src\main\AndroidManifest.xml:19:9-58
25-->src\main\AndroidManifest.xml:19:18-55
26        <package android:name="com.hyundaicard.appcard" /> <!-- 현대 앱카드 -->
26-->src\main\AndroidManifest.xml:20:9-59
26-->src\main\AndroidManifest.xml:20:18-56
27        <package android:name="kr.co.citibank.citimobile" /> <!-- 씨티카드 -->
27-->src\main\AndroidManifest.xml:21:9-61
27-->src\main\AndroidManifest.xml:21:18-58
28
29
30        <!-- 공인인증 -->
31        <package android:name="com.hanaskcard.rocomo.potal" /> <!-- 하나카드 -->
31-->src\main\AndroidManifest.xml:24:9-63
31-->src\main\AndroidManifest.xml:24:18-60
32        <package android:name="com.lumensoft.touchenappfree" /> <!-- 공동인증서 -->
32-->src\main\AndroidManifest.xml:25:9-64
32-->src\main\AndroidManifest.xml:25:18-61
33
34
35        <!-- 백신 -->
36        <package android:name="com.TouchEn.mVaccine.webs" /> <!-- TouchEn mVaccine(신한) -->
36-->src\main\AndroidManifest.xml:28:9-61
36-->src\main\AndroidManifest.xml:28:18-58
37        <package android:name="com.ahnlab.v3mobileplus" /> <!-- V3(NH, 현대) -->
37-->src\main\AndroidManifest.xml:29:9-59
37-->src\main\AndroidManifest.xml:29:18-56
38        <package android:name="kr.co.shiftworks.vguardweb" /> <!-- V-Guard(삼성) -->
38-->src\main\AndroidManifest.xml:30:9-62
38-->src\main\AndroidManifest.xml:30:18-59
39
40
41        <!-- 간편결제 -->
42        <package android:name="com.samsung.android.spay" /> <!-- 삼성페이(삼성, 농협, KB) -->
42-->src\main\AndroidManifest.xml:33:9-60
42-->src\main\AndroidManifest.xml:33:18-57
43        <package android:name="com.samsung.android.spaylite" /> <!-- 삼성페이 미니(삼성, KB) -->
43-->src\main\AndroidManifest.xml:34:9-64
43-->src\main\AndroidManifest.xml:34:18-61
44        <package android:name="com.kakao.talk" /> <!-- 카카오페이 -->
44-->src\main\AndroidManifest.xml:35:9-50
44-->src\main\AndroidManifest.xml:35:18-47
45        <package android:name="com.nhn.android.search" /> <!-- 네이버페이 -->
45-->src\main\AndroidManifest.xml:36:9-58
45-->src\main\AndroidManifest.xml:36:18-55
46        <package android:name="com.ssg.serviceapp.android.egiftcertificate" /> <!-- SSGPay(현대) -->
46-->src\main\AndroidManifest.xml:37:9-79
46-->src\main\AndroidManifest.xml:37:18-76
47        <package android:name="com.nhnent.payapp" /> <!-- 페이코(삼성, 농협, KB) -->
47-->src\main\AndroidManifest.xml:38:9-53
47-->src\main\AndroidManifest.xml:38:18-50
48        <package android:name="com.lge.lgpay" /> <!-- 엘지페이(삼성, KB) -->
48-->src\main\AndroidManifest.xml:39:9-49
48-->src\main\AndroidManifest.xml:39:18-46
49        <package android:name="com.lottemembers.android" /> <!-- LPay -->
49-->src\main\AndroidManifest.xml:40:9-60
49-->src\main\AndroidManifest.xml:40:18-57
50        <package android:name="com.tencent.mm" /> <!-- 위챗페이 -->
50-->src\main\AndroidManifest.xml:41:9-50
50-->src\main\AndroidManifest.xml:41:18-47
51        <package android:name="viva.republica.toss" /> <!-- 토스 -->
51-->src\main\AndroidManifest.xml:42:9-55
51-->src\main\AndroidManifest.xml:42:18-52
52
53
54        <!-- 계좌이체 -->
55        <package android:name="com.kftc.bankpay.android" /> <!-- 금결원 -->
55-->src\main\AndroidManifest.xml:45:9-60
55-->src\main\AndroidManifest.xml:45:18-57
56
57
58        <!-- 본인인증 -->
59        <package android:name="com.sktelecom.tauth" /> <!-- SKT -->
59-->src\main\AndroidManifest.xml:48:9-55
59-->src\main\AndroidManifest.xml:48:18-52
60        <package android:name="com.kt.ktauth" /> <!-- KT -->
60-->src\main\AndroidManifest.xml:49:9-49
60-->src\main\AndroidManifest.xml:49:18-46
61        <package android:name="com.lguplus.smartotp" /> <!-- LGT -->
61-->src\main\AndroidManifest.xml:50:9-56
61-->src\main\AndroidManifest.xml:50:18-53
62    </queries>
63
64    <uses-permission android:name="android.permission.INTERNET" />
64-->src\main\AndroidManifest.xml:52:5-67
64-->src\main\AndroidManifest.xml:52:22-64
65
66</manifest>